[2013-07-15 18:40:19] request.INFO: Matched route "planner__default_index" (parameters: "_controller": "Planner\Bundle\Controller\DefaultController::indexAction", "plan": "calamar", "_route": "planner__default_index") [] []
[2013-07-15 18:40:19] security.INFO: Populated SecurityContext with an anonymous Token [] []
[2013-07-15 18:40:19] request.CRITICAL: Uncaught PHP Exception RuntimeException: "Controller "Planner\Bundle\Controller\DefaultController::indexAction()" requires that you provide a value for the "$name" argument (because there is no default value or because there is a non optional argument after this one)." at /home/gsus/Symfony/vendor/symfony/symfony/src/Symfony/Component/HttpKernel/Controller/ControllerResolver.php line 134 [] []
[2013-07-15 18:40:19] security.DEBUG: Write SecurityContext in the session [] []
[2013-07-15 19:29:02] request.ERROR: Uncaught PHP Exception Symfony\Component\HttpKernel\Exception\NotFoundHttpException: "No route found for "GET /css/main.css"" at /home/gsus/Symfony/vendor/symfony/symfony/src/Symfony/Component/HttpKernel/EventListener/RouterListener.php line 94 [] []
[2013-07-15 19:29:05] request.ERROR: Uncaught PHP Exception Symfony\Component\HttpKernel\Exception\NotFoundHttpException: "No route found for "GET /css/main.css"" at /home/gsus/Symfony/app/cache/prod/classes.php line 3619 [] []
[2013-07-15 19:29:21] request.ERROR: Uncaught PHP Exception Symfony\Component\HttpKernel\Exception\NotFoundHttpException: "No route found for "GET /css/main.css"" at /home/gsus/Symfony/app/cache/prod/classes.php line 3619 [] []
[2013-07-16 11:50:35] request.ERROR: Uncaught PHP Exception Symfony\Component\HttpKernel\Exception\NotFoundHttpException: "No route found for "GET /css/main.css"" at /home/gsus/Symfony/app/cache/prod/classes.php line 3619 [] []
[2013-07-16 11:51:58] request.ERROR: Uncaught PHP Exception Symfony\Component\HttpKernel\Exception\NotFoundHttpException: "No route found for "GET /"" at /home/gsus/Symfony/app/cache/prod/classes.php line 3619 [] []
[2013-07-16 11:52:12] request.ERROR: Uncaught PHP Exception Symfony\Component\HttpKernel\Exception\NotFoundHttpException: "No route found for "GET /"" at /home/gsus/Symfony/app/cache/prod/classes.php line 3619 [] []
[2013-07-16 11:54:57] request.ERROR: Uncaught PHP Exception Symfony\Component\HttpKernel\Exception\NotFoundHttpException: "No route found for "GET /"" at /home/gsus/Symfony/app/cache/prod/classes.php line 3619 [] []
[2013-07-16 11:55:28] request.ERROR: Uncaught PHP Exception Symfony\Component\HttpKernel\Exception\NotFoundHttpException: "No route found for "GET /"" at /home/gsus/Symfony/app/cache/prod/classes.php line 3619 [] []
[2013-07-16 11:55:54] request.ERROR: Uncaught PHP Exception Symfony\Component\HttpKernel\Exception\NotFoundHttpException: "No route found for "GET /"" at /home/gsus/Symfony/app/cache/prod/classes.php line 3619 [] []
[2013-07-16 11:55:56] request.ERROR: Uncaught PHP Exception Symfony\Component\HttpKernel\Exception\NotFoundHttpException: "No route found for "GET /"" at /home/gsus/Symfony/app/cache/prod/classes.php line 3619 [] []
[2013-07-16 11:57:49] request.ERROR: Uncaught PHP Exception Symfony\Component\HttpKernel\Exception\NotFoundHttpException: "No route found for "GET /"" at /home/gsus/Symfony/app/cache/prod/classes.php line 3619 [] []
[2013-07-22 12:15:31] request.ERROR: Uncaught PHP Exception Symfony\Component\HttpKernel\Exception\NotFoundHttpException: "No route found for "GET /"" at /home/gsus/Symfony/app/cache/prod/classes.php line 3619 [] []
[2013-07-22 15:25:23] request.ERROR: Uncaught PHP Exception Symfony\Component\HttpKernel\Exception\NotFoundHttpException: "No route found for "GET /app_dev/login"" at /home/gsus/Symfony/app/cache/prod/classes.php line 3619 [] []
[2013-07-22 15:27:22] request.ERROR: Uncaught PHP Exception Symfony\Component\HttpKernel\Exception\NotFoundHttpException: "No route found for "GET /app_dev/login"" at /home/gsus/Symfony/app/cache/prod/classes.php line 3619 [] []
[2013-07-22 15:27:42] request.ERROR: Uncaught PHP Exception Symfony\Component\HttpKernel\Exception\NotFoundHttpException: "No route found for "GET /app_dev/login"" at /home/gsus/Symfony/app/cache/prod/classes.php line 3619 [] []
[2013-07-22 15:31:10] request.ERROR: Uncaught PHP Exception Symfony\Component\HttpKernel\Exception\NotFoundHttpException: "No route found for "GET /app_dev/login"" at /home/gsus/Symfony/app/cache/prod/classes.php line 3619 [] []
[2013-07-22 15:32:14] request.ERROR: Uncaught PHP Exception Symfony\Component\HttpKernel\Exception\NotFoundHttpException: "No route found for "GET /app_dev/"" at /home/gsus/Symfony/app/cache/prod/classes.php line 3619 [] []
[2013-07-22 15:33:09] request.ERROR: Uncaught PHP Exception Symfony\Component\HttpKernel\Exception\NotFoundHttpException: "No route found for "GET /app_dev/"" at /home/gsus/Symfony/app/cache/prod/classes.php line 3619 [] []
[2013-07-22 15:35:34] request.ERROR: Uncaught PHP Exception Symfony\Component\HttpKernel\Exception\NotFoundHttpException: "No route found for "GET /app_dev/"" at /home/gsus/Symfony/app/cache/prod/classes.php line 3619 [] []
[2013-07-23 11:57:10] request.ERROR: Uncaught PHP Exception Symfony\Component\HttpKernel\Exception\NotFoundHttpException: "No route found for "GET /app_dev/"" at /home/gsus/Symfony/app/cache/prod/classes.php line 3619 [] []
[2013-07-23 12:06:43] request.ERROR: Uncaught PHP Exception Symfony\Component\HttpKernel\Exception\NotFoundHttpException: "No route found for "GET /"" at /home/gsus/Symfony/app/cache/prod/classes.php line 3619 [] []
[2013-07-26 13:18:21] request.ERROR: Uncaught PHP Exception Symfony\Component\HttpKernel\Exception\NotFoundHttpException: "No route found for "GET /"" at /home/gsus/Symfony/app/cache/prod/classes.php line 3619 [] []
[2013-08-14 16:44:59] request.ERROR: Uncaught PHP Exception Symfony\Component\HttpKernel\Exception\NotFoundHttpException: "No route found for "GET /"" at /home/gsus/Symfony/app/cache/prod/classes.php line 3619 [] []
